23:09:03.087 [main] INFO  testCases.TC001_AccountRegistrationTest - clicked on MyAccount Link
23:09:04.402 [main] INFO  testCases.TC001_AccountRegistrationTest - Clicked on Register Link
23:09:04.406 [main] INFO  testCases.TC001_AccountRegistrationTest - Providing customer details......
23:09:08.776 [main] INFO  testCases.TC001_AccountRegistrationTest - Validating expected message......
23:09:08.833 [main] INFO  testCases.TC001_AccountRegistrationTest - ****** Finished TC001_AccountRegistrationTest ********
23:09:14.187 [main] INFO  testCases.TC_002LoginTest - ***** Starting TC_002LoginTest ******
23:20:09.821 [main] INFO  testCases.TC_002LoginTest - ***** Starting TC_002LoginTest ******
23:20:15.091 [main] INFO  testCases.TC_002LoginTest - ***** Finished TC_002LoginTest ******
23:26:42.646 [main] INFO  testCases.TC001_AccountRegistrationTest - ****** starting TC001_AccountRegistrationTest ********
23:26:42.894 [main] INFO  testCases.TC001_AccountRegistrationTest - clicked on MyAccount Link
23:26:43.558 [main] INFO  testCases.TC001_AccountRegistrationTest - Clicked on Register Link
23:26:43.564 [main] INFO  testCases.TC001_AccountRegistrationTest - Providing customer details......
23:26:46.753 [main] INFO  testCases.TC001_AccountRegistrationTest - Validating expected message......
23:26:46.808 [main] ERROR testCases.TC001_AccountRegistrationTest - Test failed...
23:26:49.589 [main] INFO  testCases.TC_002LoginTest - ***** Starting TC_002LoginTest ******
23:26:54.141 [main] INFO  testCases.TC_002LoginTest - ***** Finished TC_002LoginTest ******
15:49:36.692 [main] INFO  testCases.TC001_AccountRegistrationTest - *** Starting TC001_AccountRegistrationTest **
15:49:36.912 [main] INFO  testCases.TC001_AccountRegistrationTest - Clicked on MyAccount Link
15:49:37.359 [main] INFO  testCases.TC001_AccountRegistrationTest - Clicked on Register Link
15:49:37.363 [main] INFO  testCases.TC001_AccountRegistrationTest - Providing customer details...
15:49:39.577 [main] INFO  testCases.TC001_AccountRegistrationTest - Validating Expected Message...
15:49:39.636 [main] INFO  testCases.TC001_AccountRegistrationTest - *** Finished TC001_AccountRegistrationTest  *** 
15:49:39.684 [main] INFO  testCases.TC001_AccountRegistrationTest - *** Starting TC001_AccountRegistrationTest **
15:49:39.781 [main] INFO  testCases.TC001_AccountRegistrationTest - Clicked on MyAccount Link
15:49:52.401 [main] INFO  testCases.TC_002LoginTest - ***Starting TC002_LoginTest**... 
15:49:54.218 [main] INFO  testCases.TC_002LoginTest - ***Finished TC002_LoginTest**... 
16:03:41.313 [main] INFO  testCases.TC001_AccountRegistrationTest - *** Starting TC001_AccountRegistrationTest **
16:03:41.530 [main] INFO  testCases.TC001_AccountRegistrationTest - Clicked on MyAccount Link
16:03:42.092 [main] INFO  testCases.TC001_AccountRegistrationTest - Clicked on Register Link
16:03:42.095 [main] INFO  testCases.TC001_AccountRegistrationTest - Providing customer details...
16:03:44.482 [main] INFO  testCases.TC001_AccountRegistrationTest - Validating Expected Message...
16:03:44.529 [main] INFO  testCases.TC001_AccountRegistrationTest - *** Finished TC001_AccountRegistrationTest  *** 
16:03:44.556 [main] INFO  testCases.TC001_AccountRegistrationTest - *** Starting TC001_AccountRegistrationTest **
16:03:44.657 [main] INFO  testCases.TC001_AccountRegistrationTest - Clicked on MyAccount Link
16:03:57.583 [main] INFO  testCases.TC_002LoginTest - ***Starting TC002_LoginTest**... 
16:03:59.584 [main] INFO  testCases.TC_002LoginTest - ***Finished TC002_LoginTest**... 
16:06:24.905 [main] INFO  testCases.TC001_AccountRegistrationTest - *** Starting TC001_AccountRegistrationTest **
16:06:25.165 [main] INFO  testCases.TC001_AccountRegistrationTest - Clicked on MyAccount Link
16:06:25.792 [main] INFO  testCases.TC001_AccountRegistrationTest - Clicked on Register Link
16:06:25.795 [main] INFO  testCases.TC001_AccountRegistrationTest - Providing customer details...
16:06:27.705 [main] INFO  testCases.TC001_AccountRegistrationTest - Validating Expected Message...
16:06:27.756 [main] INFO  testCases.TC001_AccountRegistrationTest - *** Finished TC001_AccountRegistrationTest  *** 
16:06:27.783 [main] INFO  testCases.TC001_AccountRegistrationTest - *** Starting TC001_AccountRegistrationTest **
16:06:27.876 [main] INFO  testCases.TC001_AccountRegistrationTest - Clicked on MyAccount Link
16:06:40.568 [main] INFO  testCases.TC_002LoginTest - ***Starting TC002_LoginTest**... 
16:06:42.535 [main] INFO  testCases.TC_002LoginTest - ***Finished TC002_LoginTest**... 
16:07:41.633 [main] INFO  testCases.TC001_AccountRegistrationTest - *** Starting TC001_AccountRegistrationTest **
16:07:41.836 [main] INFO  testCases.TC001_AccountRegistrationTest - Clicked on MyAccount Link
16:07:42.371 [main] INFO  testCases.TC001_AccountRegistrationTest - Clicked on Register Link
16:07:42.378 [main] INFO  testCases.TC001_AccountRegistrationTest - Providing customer details...
